<?xml version="1.0" encoding="UTF-8"?>
<!-- Generated by org.testng.reporters.JUnitXMLReporter -->
<testsuite hostname="LAPTOP-QS5U4P3G" ignored="0" name="Default test" tests="4" failures="0" timestamp="2020-08-16T21:24:44 IST" time="98.803" errors="0">
  <testcase name="validate_mobilepage_title" time="0.066" classname="com.testcases.Mobile"/>
  <testcase name="get_text_test" time="0.169" classname="com.testcases.Mobile"/>
  <testcase name="search_method_test" time="2.413" classname="com.testcases.Mobile"/>
  <testcase name="go_to_test" time="3.041" classname="com.testcases.Mobile"/>
</testsuite> <!-- Default test -->
